# JRE version: Java(TM) SE Runtime Environment (8.0_321-b07) (build 1.8.0_321-b07)
# Java VM: Java HotSpot(TM) 64-Bit Server VM (25.321-b07 mixed mode windows-amd64 compressed oops)
Heap:
 PSYoungGen      total 138240K, used 6039K [0x000000076db80000, 0x0000000776c80000, 0x00000007c0000000)
  eden space 128000K, 4% used [0x000000076db80000,0x000000076e11dc38,0x0000000775880000)
  from space 10240K, 2% used [0x0000000776280000,0x00000007762c8020,0x0000000776c80000)
  to   space 10240K, 0% used [0x0000000775880000,0x0000000775880000,0x0000000776280000)
 ParOldGen       total 169472K, used 39351K [0x00000006c9200000, 0x00000006d3780000, 0x000000076db80000)
  object space 169472K, 23% used [0x00000006c9200000,0x00000006cb86dd40,0x00000006d3780000)
 Metaspace       used 14484K, capacity 14694K, committed 14976K, reserved 1062912K
  class space    used 1844K, capacity 1906K, committed 1920K, reserved 1048576K
GC Heap History (10 events):
Event: 7.658 GC heap before
{Heap before GC invocations=26 (full 12):
 PSYoungGen      total 138240K, used 6630K [0x000000076db80000, 0x0000000776c80000, 0x00000007c0000000)
  eden space 128000K, 5% used [0x000000076db80000,0x000000076e1f9b78,0x0000000775880000)
  from space 10240K, 0% used [0x0000000775880000,0x0000000775880000,0x0000000776280000)
  to   space 10240K, 0% used [0x0000000776280000,0x0000000776280000,0x0000000776c80000)
 ParOldGen       total 169472K, used 39344K [0x00000006c9200000, 0x00000006d3780000, 0x000000076db80000)
  object space 169472K, 23% used [0x00000006c9200000,0x00000006cb86c078,0x00000006d3780000)
 Metaspace       used 14437K, capacity 14618K, committed 14720K, reserved 1062912K
  class space    used 1843K, capacity 1904K, committed 1920K, reserved 1048576K
Event: 7.659 GC heap after
Heap after GC invocations=26 (full 12):
 PSYoungGen      total 138240K, used 160K [0x000000076db80000, 0x0000000776c80000, 0x00000007c0000000)
  eden space 128000K, 0% used [0x000000076db80000,0x000000076db80000,0x0000000775880000)
  from space 10240K, 1% used [0x0000000776280000,0x00000007762a8000,0x0000000776c80000)
  to   space 10240K, 0% used [0x0000000775880000,0x0000000775880000,0x0000000776280000)
 ParOldGen       total 169472K, used 39344K [0x00000006c9200000, 0x00000006d3780000, 0x000000076db80000)
  object space 169472K, 23% used [0x00000006c9200000,0x00000006cb86c078,0x00000006d3780000)
 Metaspace       used 14437K, capacity 14618K, committed 14720K, reserved 1062912K
  class space    used 1843K, capacity 1904K, committed 1920K, reserved 1048576K
}
Event: 7.659 GC heap before
{Heap before GC invocations=27 (full 13):
 PSYoungGen      total 138240K, used 160K [0x000000076db80000, 0x0000000776c80000, 0x00000007c0000000)
  eden space 128000K, 0% used [0x000000076db80000,0x000000076db80000,0x0000000775880000)
  from space 10240K, 1% used [0x0000000776280000,0x00000007762a8000,0x0000000776c80000)
  to   space 10240K, 0% used [0x0000000775880000,0x0000000775880000,0x0000000776280000)
 ParOldGen       total 169472K, used 39344K [0x00000006c9200000, 0x00000006d3780000, 0x000000076db80000)
  object space 169472K, 23% used [0x00000006c9200000,0x00000006cb86c078,0x00000006d3780000)
 Metaspace       used 14437K, capacity 14618K, committed 14720K, reserved 1062912K
  class space    used 1843K, capacity 1904K, committed 1920K, reserved 1048576K
Event: 7.668 GC heap after
Heap after GC invocations=27 (full 13):
 PSYoungGen      total 138240K, used 0K [0x000000076db80000, 0x0000000776c80000, 0x00000007c0000000)
  eden space 128000K, 0% used [0x000000076db80000,0x000000076db80000,0x0000000775880000)
  from space 10240K, 0% used [0x0000000776280000,0x0000000776280000,0x0000000776c80000)
  to   space 10240K, 0% used [0x0000000775880000,0x0000000775880000,0x0000000776280000)
 ParOldGen       total 169472K, used 39346K [0x00000006c9200000, 0x00000006d3780000, 0x000000076db80000)
  object space 169472K, 23% used [0x00000006c9200000,0x00000006cb86cbb8,0x00000006d3780000)
 Metaspace       used 14437K, capacity 14618K, committed 14720K, reserved 1062912K
  class space    used 1843K, capacity 1904K, committed 1920K, reserved 1048576K
}
Event: 8.159 GC heap before
{Heap before GC invocations=28 (full 13):
 PSYoungGen      total 138240K, used 10505K [0x000000076db80000, 0x0000000776c80000, 0x00000007c0000000)
  eden space 128000K, 8% used [0x000000076db80000,0x000000076e5c25a8,0x0000000775880000)
  from space 10240K, 0% used [0x0000000776280000,0x0000000776280000,0x0000000776c80000)
  to   space 10240K, 0% used [0x0000000775880000,0x0000000775880000,0x0000000776280000)
 ParOldGen       total 169472K, used 39346K [0x00000006c9200000, 0x00000006d3780000, 0x000000076db80000)
  object space 169472K, 23% used [0x00000006c9200000,0x00000006cb86cbb8,0x00000006d3780000)
 Metaspace       used 14461K, capacity 14630K, committed 14720K, reserved 1062912K
  class space    used 1844K, capacity 1906K, committed 1920K, reserved 1048576K
Event: 8.160 GC heap after
Heap after GC invocations=28 (full 13):
 PSYoungGen      total 138240K, used 192K [0x000000076db80000, 0x0000000776c80000, 0x00000007c0000000)
  eden space 128000K, 0% used [0x000000076db80000,0x000000076db80000,0x0000000775880000)
  from space 10240K, 1% used [0x0000000775880000,0x00000007758b0000,0x0000000776280000)
  to   space 10240K, 0% used [0x0000000776280000,0x0000000776280000,0x0000000776c80000)
 ParOldGen       total 169472K, used 39346K [0x00000006c9200000, 0x00000006d3780000, 0x000000076db80000)
  object space 169472K, 23% used [0x00000006c9200000,0x00000006cb86cbb8,0x00000006d3780000)
 Metaspace       used 14461K, capacity 14630K, committed 14720K, reserved 1062912K
  class space    used 1844K, capacity 1906K, committed 1920K, reserved 1048576K
}
Event: 8.160 GC heap before
{Heap before GC invocations=29 (full 14):
 PSYoungGen      total 138240K, used 192K [0x000000076db80000, 0x0000000776c80000, 0x00000007c0000000)
  eden space 128000K, 0% used [0x000000076db80000,0x000000076db80000,0x0000000775880000)
  from space 10240K, 1% used [0x0000000775880000,0x00000007758b0000,0x0000000776280000)
  to   space 10240K, 0% used [0x0000000776280000,0x0000000776280000,0x0000000776c80000)
 ParOldGen       total 169472K, used 39346K [0x00000006c9200000, 0x00000006d3780000, 0x000000076db80000)
  object space 169472K, 23% used [0x00000006c9200000,0x00000006cb86cbb8,0x00000006d3780000)
 Metaspace       used 14461K, capacity 14630K, committed 14720K, reserved 1062912K
  class space    used 1844K, capacity 1906K, committed 1920K, reserved 1048576K
Event: 8.170 GC heap after
Heap after GC invocations=29 (full 14):
 PSYoungGen      total 138240K, used 0K [0x000000076db80000, 0x0000000776c80000, 0x00000007c0000000)
  eden space 128000K, 0% used [0x000000076db80000,0x000000076db80000,0x0000000775880000)
  from space 10240K, 0% used [0x0000000775880000,0x0000000775880000,0x0000000776280000)
  to   space 10240K, 0% used [0x0000000776280000,0x0000000776280000,0x0000000776c80000)
 ParOldGen       total 169472K, used 39351K [0x00000006c9200000, 0x00000006d3780000, 0x000000076db80000)
  object space 169472K, 23% used [0x00000006c9200000,0x00000006cb86dd40,0x00000006d3780000)
 Metaspace       used 14461K, capacity 14630K, committed 14720K, reserved 1062912K
  class space    used 1844K, capacity 1906K, committed 1920K, reserved 1048576K
}
Event: 8.662 GC heap before
{Heap before GC invocations=30 (full 14):
 PSYoungGen      total 138240K, used 8985K [0x000000076db80000, 0x0000000776c80000, 0x00000007c0000000)
  eden space 128000K, 7% used [0x000000076db80000,0x000000076e446530,0x0000000775880000)
  from space 10240K, 0% used [0x0000000775880000,0x0000000775880000,0x0000000776280000)
  to   space 10240K, 0% used [0x0000000776280000,0x0000000776280000,0x0000000776c80000)
 ParOldGen       total 169472K, used 39351K [0x00000006c9200000, 0x00000006d3780000, 0x000000076db80000)
  object space 169472K, 23% used [0x00000006c9200000,0x00000006cb86dd40,0x00000006d3780000)
 Metaspace       used 14471K, capacity 14694K, committed 14976K, reserved 1062912K
  class space    used 1844K, capacity 1906K, committed 1920K, reserved 1048576K
Event: 8.663 GC heap after
Heap after GC invocations=30 (full 14):
 PSYoungGen      total 138240K, used 288K [0x000000076db80000, 0x0000000776c80000, 0x00000007c0000000)
  eden space 128000K, 0% used [0x000000076db80000,0x000000076db80000,0x0000000775880000)
  from space 10240K, 2% used [0x0000000776280000,0x00000007762c8020,0x0000000776c80000)
  to   space 10240K, 0% used [0x0000000775880000,0x0000000775880000,0x0000000776280000)
 ParOldGen       total 169472K, used 39351K [0x00000006c9200000, 0x00000006d3780000, 0x000000076db80000)
  object space 169472K, 23% used [0x00000006c9200000,0x00000006cb86dd40,0x00000006d3780000)
 Metaspace       used 14471K, capacity 14694K, committed 14976K, reserved 1062912K
  class space    used 1844K, capacity 1906K, committed 1920K, reserved 1048576K
}

