# JRE version: Java(TM) SE Runtime Environment (8.0_321-b07) (build 1.8.0_321-b07)
# Java VM: Java HotSpot(TM) 64-Bit Server VM (25.321-b07 mixed mode windows-amd64 compressed oops)
Heap:
 PSYoungGen      total 74240K, used 5120K [0x000000076db80000, 0x0000000772e00000, 0x00000007c0000000)
  eden space 64000K, 8% used [0x000000076db80000,0x000000076e080058,0x0000000771a00000)
  from space 10240K, 0% used [0x0000000772400000,0x0000000772400000,0x0000000772e00000)
  to   space 10240K, 0% used [0x0000000771a00000,0x0000000771a00000,0x0000000772400000)
 ParOldGen       total 169472K, used 39157K [0x00000006c9200000, 0x00000006d3780000, 0x000000076db80000)
  object space 169472K, 23% used [0x00000006c9200000,0x00000006cb83d650,0x00000006d3780000)
 Metaspace       used 13709K, capacity 13926K, committed 14208K, reserved 1060864K
  class space    used 1787K, capacity 1872K, committed 1920K, reserved 1048576K
GC Heap History (10 events):
Event: 2.045 GC heap before
{Heap before GC invocations=4 (full 2):
 PSYoungGen      total 74240K, used 10228K [0x000000076db80000, 0x0000000772e00000, 0x00000007c0000000)
  eden space 64000K, 0% used [0x000000076db80000,0x000000076db80000,0x0000000771a00000)
  from space 10240K, 99% used [0x0000000772400000,0x0000000772dfd1b0,0x0000000772e00000)
  to   space 10240K, 0% used [0x0000000771a00000,0x0000000771a00000,0x0000000772400000)
 ParOldGen       total 169472K, used 9745K [0x00000006c9200000, 0x00000006d3780000, 0x000000076db80000)
  object space 169472K, 5% used [0x00000006c9200000,0x00000006c9b84598,0x00000006d3780000)
 Metaspace       used 13451K, capacity 13722K, committed 13952K, reserved 1060864K
  class space    used 1770K, capacity 1870K, committed 1920K, reserved 1048576K
Event: 2.074 GC heap after
Heap after GC invocations=4 (full 2):
 PSYoungGen      total 74240K, used 0K [0x000000076db80000, 0x0000000772e00000, 0x00000007c0000000)
  eden space 64000K, 0% used [0x000000076db80000,0x000000076db80000,0x0000000771a00000)
  from space 10240K, 0% used [0x0000000772400000,0x0000000772400000,0x0000000772e00000)
  to   space 10240K, 0% used [0x0000000771a00000,0x0000000771a00000,0x0000000772400000)
 ParOldGen       total 169472K, used 19534K [0x00000006c9200000, 0x00000006d3780000, 0x000000076db80000)
  object space 169472K, 11% used [0x00000006c9200000,0x00000006ca5138b0,0x00000006d3780000)
 Metaspace       used 13451K, capacity 13722K, committed 13952K, reserved 1060864K
  class space    used 1770K, capacity 1870K, committed 1920K, reserved 1048576K
}
Event: 2.537 GC heap before
{Heap before GC invocations=5 (full 2):
 PSYoungGen      total 74240K, used 28256K [0x000000076db80000, 0x0000000772e00000, 0x00000007c0000000)
  eden space 64000K, 44% used [0x000000076db80000,0x000000076f718140,0x0000000771a00000)
  from space 10240K, 0% used [0x0000000772400000,0x0000000772400000,0x0000000772e00000)
  to   space 10240K, 0% used [0x0000000771a00000,0x0000000771a00000,0x0000000772400000)
 ParOldGen       total 169472K, used 19534K [0x00000006c9200000, 0x00000006d3780000, 0x000000076db80000)
  object space 169472K, 11% used [0x00000006c9200000,0x00000006ca5138b0,0x00000006d3780000)
 Metaspace       used 13525K, capacity 13734K, committed 13952K, reserved 1060864K
  class space    used 1771K, capacity 1872K, committed 1920K, reserved 1048576K
Event: 2.546 GC heap after
Heap after GC invocations=5 (full 2):
 PSYoungGen      total 74240K, used 10231K [0x000000076db80000, 0x0000000772e00000, 0x00000007c0000000)
  eden space 64000K, 0% used [0x000000076db80000,0x000000076db80000,0x0000000771a00000)
  from space 10240K, 99% used [0x0000000771a00000,0x00000007723fde60,0x0000000772400000)
  to   space 10240K, 0% used [0x0000000772400000,0x0000000772400000,0x0000000772e00000)
 ParOldGen       total 169472K, used 29365K [0x00000006c9200000, 0x00000006d3780000, 0x000000076db80000)
  object space 169472K, 17% used [0x00000006c9200000,0x00000006caead6f0,0x00000006d3780000)
 Metaspace       used 13525K, capacity 13734K, committed 13952K, reserved 1060864K
  class space    used 1771K, capacity 1872K, committed 1920K, reserved 1048576K
}
Event: 2.546 GC heap before
{Heap before GC invocations=6 (full 3):
 PSYoungGen      total 74240K, used 10231K [0x000000076db80000, 0x0000000772e00000, 0x00000007c0000000)
  eden space 64000K, 0% used [0x000000076db80000,0x000000076db80000,0x0000000771a00000)
  from space 10240K, 99% used [0x0000000771a00000,0x00000007723fde60,0x0000000772400000)
  to   space 10240K, 0% used [0x0000000772400000,0x0000000772400000,0x0000000772e00000)
 ParOldGen       total 169472K, used 29365K [0x00000006c9200000, 0x00000006d3780000, 0x000000076db80000)
  object space 169472K, 17% used [0x00000006c9200000,0x00000006caead6f0,0x00000006d3780000)
 Metaspace       used 13525K, capacity 13734K, committed 13952K, reserved 1060864K
  class space    used 1771K, capacity 1872K, committed 1920K, reserved 1048576K
Event: 2.570 GC heap after
Heap after GC invocations=6 (full 3):
 PSYoungGen      total 74240K, used 0K [0x000000076db80000, 0x0000000772e00000, 0x00000007c0000000)
  eden space 64000K, 0% used [0x000000076db80000,0x000000076db80000,0x0000000771a00000)
  from space 10240K, 0% used [0x0000000771a00000,0x0000000771a00000,0x0000000772400000)
  to   space 10240K, 0% used [0x0000000772400000,0x0000000772400000,0x0000000772e00000)
 ParOldGen       total 169472K, used 39006K [0x00000006c9200000, 0x00000006d3780000, 0x000000076db80000)
  object space 169472K, 23% used [0x00000006c9200000,0x00000006cb817b80,0x00000006d3780000)
 Metaspace       used 13525K, capacity 13734K, committed 13952K, reserved 1060864K
  class space    used 1771K, capacity 1872K, committed 1920K, reserved 1048576K
}
Event: 3.041 GC heap before
{Heap before GC invocations=7 (full 3):
 PSYoungGen      total 74240K, used 6400K [0x000000076db80000, 0x0000000772e00000, 0x00000007c0000000)
  eden space 64000K, 10% used [0x000000076db80000,0x000000076e1c00d0,0x0000000771a00000)
  from space 10240K, 0% used [0x0000000771a00000,0x0000000771a00000,0x0000000772400000)
  to   space 10240K, 0% used [0x0000000772400000,0x0000000772400000,0x0000000772e00000)
 ParOldGen       total 169472K, used 39006K [0x00000006c9200000, 0x00000006d3780000, 0x000000076db80000)
  object space 169472K, 23% used [0x00000006c9200000,0x00000006cb817b80,0x00000006d3780000)
 Metaspace       used 13674K, capacity 13926K, committed 14208K, reserved 1060864K
  class space    used 1787K, capacity 1872K, committed 1920K, reserved 1048576K
Event: 3.043 GC heap after
Heap after GC invocations=7 (full 3):
 PSYoungGen      total 74240K, used 448K [0x000000076db80000, 0x0000000772e00000, 0x00000007c0000000)
  eden space 64000K, 0% used [0x000000076db80000,0x000000076db80000,0x0000000771a00000)
  from space 10240K, 4% used [0x0000000772400000,0x0000000772470000,0x0000000772e00000)
  to   space 10240K, 0% used [0x0000000771a00000,0x0000000771a00000,0x0000000772400000)
 ParOldGen       total 169472K, used 39014K [0x00000006c9200000, 0x00000006d3780000, 0x000000076db80000)
  object space 169472K, 23% used [0x00000006c9200000,0x00000006cb819b80,0x00000006d3780000)
 Metaspace       used 13674K, capacity 13926K, committed 14208K, reserved 1060864K
  class space    used 1787K, capacity 1872K, committed 1920K, reserved 1048576K
}
Event: 3.043 GC heap before
{Heap before GC invocations=8 (full 4):
 PSYoungGen      total 74240K, used 448K [0x000000076db80000, 0x0000000772e00000, 0x00000007c0000000)
  eden space 64000K, 0% used [0x000000076db80000,0x000000076db80000,0x0000000771a00000)
  from space 10240K, 4% used [0x0000000772400000,0x0000000772470000,0x0000000772e00000)
  to   space 10240K, 0% used [0x0000000771a00000,0x0000000771a00000,0x0000000772400000)
 ParOldGen       total 169472K, used 39014K [0x00000006c9200000, 0x00000006d3780000, 0x000000076db80000)
  object space 169472K, 23% used [0x00000006c9200000,0x00000006cb819b80,0x00000006d3780000)
 Metaspace       used 13674K, capacity 13926K, committed 14208K, reserved 1060864K
  class space    used 1787K, capacity 1872K, committed 1920K, reserved 1048576K
Event: 3.083 GC heap after
Heap after GC invocations=8 (full 4):
 PSYoungGen      total 74240K, used 0K [0x000000076db80000, 0x0000000772e00000, 0x00000007c0000000)
  eden space 64000K, 0% used [0x000000076db80000,0x000000076db80000,0x0000000771a00000)
  from space 10240K, 0% used [0x0000000772400000,0x0000000772400000,0x0000000772e00000)
  to   space 10240K, 0% used [0x0000000771a00000,0x0000000771a00000,0x0000000772400000)
 ParOldGen       total 169472K, used 39157K [0x00000006c9200000, 0x00000006d3780000, 0x000000076db80000)
  object space 169472K, 23% used [0x00000006c9200000,0x00000006cb83d650,0x00000006d3780000)
 Metaspace       used 13674K, capacity 13926K, committed 14208K, reserved 1060864K
  class space    used 1787K, capacity 1872K, committed 1920K, reserved 1048576K
}

